<?xml version="1.0" encoding="UTF-8"?>
<!-- Generated by org.testng.reporters.JUnitReportReporter -->
<testsuite hostname="DESKTOP-02HURVS" failures="0" tests="1" name="admin.InsertProdctAndOrderSameProductTest" time="26.848" errors="0" timestamp="2024-04-08T15:51:44 IST" skipped="0">
  <testcase classname="admin.InsertProdctAndOrderSameProductTest" name="insertProdctAndOrderSameProductTest" time="26.848"/>
  <system-out/>
</testsuite> <!-- admin.InsertProdctAndOrderSameProductTest -->
