<?xml version="1.0" encoding="UTF-8"?>
<!-- Generated by org.testng.reporters.JUnitReportReporter -->
<testsuite hostname="DESKTOP-02HURVS" failures="0" tests="3" name="practice.Demo" time="0.107" errors="0" timestamp="2024-04-10T15:02:33 IST" skipped="0">
  <testcase classname="practice.Demo" name="demo1" time="0.085"/>
  <system-out/>
  <testcase classname="practice.Demo" name="demo2" time="0.016"/>
  <system-out/>
  <testcase classname="practice.Demo" name="demo3" time="0.006"/>
  <system-out/>
</testsuite> <!-- practice.Demo -->
