<?xml version="1.0" encoding="UTF-8"?>
<!-- Generated by org.testng.reporters.JUnitReportReporter -->
<testsuite hostname="DESKTOP-02HURVS" failures="0" tests="3" name="practice.Sample" time="0.084" errors="0" timestamp="2024-04-10T15:02:33 IST" skipped="0">
  <testcase classname="practice.Sample" name="sample2" time="0.053"/>
  <system-out/>
  <testcase classname="practice.Sample" name="sample3" time="0.003"/>
  <system-out/>
  <testcase classname="practice.Sample" name="sample1" time="0.028"/>
  <system-out/>
</testsuite> <!-- practice.Sample -->
