<?xml version="1.0" encoding="UTF-8"?>
<!-- Generated by org.testng.reporters.JUnitReportReporter -->
<testsuite hostname="DESKTOP-02HURVS" failures="0" tests="2" name="practice.BaseClassTest" time="0.033" errors="0" timestamp="2024-04-08T13:03:51 IST" skipped="0">
  <testcase classname="practice.BaseClassTest" name="test1" time="0.021"/>
  <system-out/>
  <testcase classname="practice.BaseClassTest" name="test2" time="0.012"/>
  <system-out/>
</testsuite> <!-- practice.BaseClassTest -->
