<?xml version="1.0" encoding="UTF-8"?>
<!-- Generated by org.testng.reporters.JUnitReportReporter -->
<testsuite hostname="DESKTOP-02HURVS" failures="0" tests="3" name="admin.AdminLoginLogoutTest" time="61.752" errors="0" timestamp="2024-04-12T16:47:47 IST" skipped="0">
  <testcase classname="admin.AdminLoginLogoutTest" name="adminLoginLogoutTest" time="2.563"/>
  <system-out>
    <![CDATA[Pass: Logout Succesful message is displayed]]>
  </system-out>
  <testcase classname="admin.AdminLoginLogoutTest" name="insertProdctAndOrderSameProductTest" time="25.954"/>
  <system-out/>
  <testcase classname="admin.AdminLoginLogoutTest" name="changeStatusOfOrderedProductTest" time="33.235"/>
  <system-out>
    <![CDATA[Pass: Status change Verified]]>
  </system-out>
</testsuite> <!-- admin.AdminLoginLogoutTest -->
