<?xml version="1.0" encoding="UTF-8"?>
<!-- Generated by org.testng.reporters.JUnitReportReporter -->
<testsuite hostname="DESKTOP-02HURVS" failures="0" tests="5" name="practice.DPTest" time="0.048" errors="0" timestamp="2024-04-08T11:13:36 IST" skipped="3">
  <testcase classname="practice.DPTest" name="excelTest" time="0.009"/>
  <system-out/>
  <testcase classname="practice.DPTest" name="excelTest" time="0.039"/>
  <system-out/>
  <testcase classname="practice.DPTest" name="loginAdmin">
    <skipped/>
  </testcase> <!-- loginAdmin -->
  <system-out/>
  <testcase classname="practice.DPTest" name="loginAdminCrossBr">
    <skipped/>
  </testcase> <!-- loginAdminCrossBr -->
  <system-out/>
  <testcase classname="practice.DPTest" name="login">
    <skipped/>
  </testcase> <!-- login -->
  <system-out/>
</testsuite> <!-- practice.DPTest -->
