<?xml version="1.0" encoding="UTF-8"?>
<!-- Generated by org.testng.reporters.JUnitReportReporter -->
<testsuite hostname="DESKTOP-02HURVS" failures="0" tests="3" name="practice.Print" time="0.149" errors="0" timestamp="2024-04-10T15:02:33 IST" skipped="0">
  <testcase classname="practice.Print" name="print3" time="0.096"/>
  <system-out/>
  <testcase classname="practice.Print" name="print1" time="0.041"/>
  <system-out/>
  <testcase classname="practice.Print" name="print2" time="0.012"/>
  <system-out/>
</testsuite> <!-- practice.Print -->
